Build started 2018/7/24 11:39:23.
     1>Project "C:\Users\Administrator\Desktop\Game\Game\Game.vcxproj" on node 2 (Build target(s)).
     1>ClCompile:
         C:\Program Files (x86)\Microsoft Visual Studio 12.0\VC\bin\CL.exe /c /I"C:\Users\Administrator\Desktop\SFML-2.5.0\include" /Zi /nologo /W3 /WX- /sdl /O2 /Oi /Oy- /GL /D _MBCS /Gm- /EHsc /MD /GS /Gy /fp:precise /Zc:wchar_t /Zc:forScope /Fo"Release\\" /Fd"Release\vc120.pdb" /Gd /TP /analyze- /errorReport:prompt SplashScreen.cpp gamestart.cpp
         SplashScreen.cpp
         gamestart.cpp
     1>gamestart.cpp(219): warning C4172: returning address of local variable or temporary
       Link:
         C:\Program Files (x86)\Microsoft Visual Studio 12.0\VC\bin\link.exe /ERRORREPORT:PROMPT /OUT:"C:\Users\Administrator\Desktop\Game\Release\Game.exe" /NOLOGO /LIBPATH:"C:\Users\Administrator\Desktop\SFML-2.5.0\lib" "sfml-graphics.lib" "sfml-window.lib" "sfml-system.lib" "sfml-audio.lib" kernel32.lib user32.lib gdi32.lib winspool.lib comdlg32.lib advapi32.lib shell32.lib ole32.lib oleaut32.lib uuid.lib odbc32.lib odbccp32.lib /MANIFEST /MANIFESTUAC:"level='asInvoker' uiAccess='false'" /manifest:embed /DEBUG /PDB:"C:\Users\Administrator\Desktop\Game\Release\Game.pdb" /OPT:REF /OPT:ICF /LTCG /TLBID:1 /DYNAMICBASE /NXCOMPAT /IMPLIB:"C:\Users\Administrator\Desktop\Game\Release\Game.lib" /MACHINE:X86 /SAFESEH Release\Animation.obj
         Release\Boom.obj
         Release\Boss.obj
         Release\BossBullet.obj
         Release\EnemyPlane4.obj
         Release\EnemyPlane5.obj
         Release\Explosion.obj
         Release\Laser.obj
         Release\Bullet.obj
         Release\EnemyBullet.obj
         Release\EnemyHealth.obj
         Release\EnemyPlane1.obj
         Release\EnemyPlane2.obj
         Release\EnemyPlane3.obj
         Release\GameObjectManager.obj
         Release\gamestart.obj
         Release\MainMenu.obj
         Release\Operate.obj
         Release\PlayerHealth.obj
         Release\PlayerPlane.obj
         Release\PlayerStars.obj
         Release\Son.obj
         Release\SplashScreen.obj
         Release\VisibleGameObject.obj
         Generating code
         Finished generating code
         Game.vcxproj -> C:\Users\Administrator\Desktop\Game\Release\Game.exe
     1>Done Building Project "C:\Users\Administrator\Desktop\Game\Game\Game.vcxproj" (Build target(s)).

Build succeeded.

Time Elapsed 00:00:03.30
