c:\users\administrator\desktop\game\game\release\vc141.pdb
c:\users\administrator\desktop\game\game\release\playerplane.obj
c:\users\administrator\desktop\game\game\release\playerhealth.obj
c:\users\administrator\desktop\game\game\release\operate.obj
c:\users\administrator\desktop\game\game\release\mainmenu.obj
c:\users\administrator\desktop\game\game\release\gamestart.obj
c:\users\administrator\desktop\game\game\release\gameobjectmanager.obj
c:\users\administrator\desktop\game\game\release\enemyplane3.obj
c:\users\administrator\desktop\game\game\release\enemyplane2.obj
c:\users\administrator\desktop\game\game\release\enemyplane1.obj
c:\users\administrator\desktop\game\game\release\enemyhealth.obj
c:\users\administrator\desktop\game\game\release\enemybullet.obj
c:\users\administrator\desktop\game\game\release\bullet.obj
c:\users\administrator\desktop\game\game\release\laser.obj
c:\users\administrator\desktop\game\game\release\explosion.obj
c:\users\administrator\desktop\game\game\release\enemyplane5.obj
c:\users\administrator\desktop\game\game\release\enemyplane4.obj
c:\users\administrator\desktop\game\game\release\bossbullet.obj
c:\users\administrator\desktop\game\game\release\boss.obj
c:\users\administrator\desktop\game\game\release\boom.obj
c:\users\administrator\desktop\game\game\release\animation.obj
c:\users\administrator\desktop\game\game\release\visiblegameobject.obj
c:\users\administrator\desktop\game\game\release\splashscreen.obj
c:\users\administrator\desktop\game\game\release\son.obj
c:\users\administrator\desktop\game\game\release\playerstars.obj
c:\users\administrator\desktop\game\release\game.ipdb
c:\users\administrator\desktop\game\release\game.iobj
c:\users\administrator\desktop\game\release\game.exe
c:\users\administrator\desktop\game\release\game.pdb
c:\users\administrator\desktop\game\game\release\game.tlog\cl.command.1.tlog
c:\users\administrator\desktop\game\game\release\game.tlog\cl.read.1.tlog
c:\users\administrator\desktop\game\game\release\game.tlog\cl.write.1.tlog
c:\users\administrator\desktop\game\game\release\game.tlog\game.write.1u.tlog
c:\users\administrator\desktop\game\game\release\game.tlog\link.command.1.tlog
c:\users\administrator\desktop\game\game\release\game.tlog\link.read.1.tlog
c:\users\administrator\desktop\game\game\release\game.tlog\link.write.1.tlog
